2025-08-30T21:05:03.373-03:00  INFO 22416 --- [Product Catalog] [restartedMain] b.c.b.p.ProdutcCatalogApplication        : Starting ProdutcCatalogApplication using Java 21.0.5 with PID 22416 (C:\workspace-pessoal\2) Java\catalogo-produtos\target\classes started by BRUNO in C:\workspace-pessoal\2) Java\catalogo-produtos)
2025-08-30T21:05:03.382-03:00  INFO 22416 --- [Product Catalog] [restartedMain] b.c.b.p.ProdutcCatalogApplication        : No active profile set, falling back to 1 default profile: "default"
2025-08-30T21:05:03.427-03:00  INFO 22416 --- [Product Catalog] [restartedMain] .e.DevToolsPropertyDefaultsPostProcessor : Devtools property defaults active! Set 'spring.devtools.add-properties' to 'false' to disable
2025-08-30T21:05:03.427-03:00  INFO 22416 --- [Product Catalog] [restartedMain] .e.DevToolsPropertyDefaultsPostProcessor : For additional web related logging consider setting the 'logging.level.web' property to 'DEBUG'
2025-08-30T21:05:04.149-03:00  INFO 22416 --- [Product Catalog] [restartedMain] .s.d.r.c.RepositoryConfigurationDelegate : Bootstrapping Spring Data JPA repositories in DEFAULT mode.
2025-08-30T21:05:04.219-03:00  INFO 22416 --- [Product Catalog] [restartedMain] .s.d.r.c.RepositoryConfigurationDelegate : Finished Spring Data repository scanning in 60 ms. Found 2 JPA repository interfaces.
2025-08-30T21:05:04.739-03:00  INFO 22416 --- [Product Catalog] [restartedMain] o.s.b.w.embedded.tomcat.TomcatWebServer  : Tomcat initialized with port 8080 (http)
2025-08-30T21:05:04.749-03:00  INFO 22416 --- [Product Catalog] [restartedMain] o.apache.catalina.core.StandardService   : Starting service [Tomcat]
2025-08-30T21:05:04.749-03:00  INFO 22416 --- [Product Catalog] [restartedMain] o.apache.catalina.core.StandardEngine    : Starting Servlet engine: [Apache Tomcat/10.1.44]
2025-08-30T21:05:04.800-03:00  INFO 22416 --- [Product Catalog] [restartedMain] o.a.c.c.C.[Tomcat].[localhost].[/]       : Initializing Spring embedded WebApplicationContext
2025-08-30T21:05:04.800-03:00  INFO 22416 --- [Product Catalog] [restartedMain] w.s.c.ServletWebServerApplicationContext : Root WebApplicationContext: initialization completed in 1372 ms
2025-08-30T21:05:04.963-03:00  INFO 22416 --- [Product Catalog] [restartedMain] o.hibernate.jpa.internal.util.LogHelper  : HHH000204: Processing PersistenceUnitInfo [name: default]
2025-08-30T21:05:05.043-03:00  INFO 22416 --- [Product Catalog] [restartedMain] org.hibernate.Version                    : HHH000412: Hibernate ORM core version 6.6.26.Final
2025-08-30T21:05:05.084-03:00  INFO 22416 --- [Product Catalog] [restartedMain] o.h.c.internal.RegionFactoryInitiator    : HHH000026: Second-level cache disabled
2025-08-30T21:05:05.421-03:00  INFO 22416 --- [Product Catalog] [restartedMain] o.s.o.j.p.SpringPersistenceUnitInfo      : No LoadTimeWeaver setup: ignoring JPA class transformer
2025-08-30T21:05:05.450-03:00  INFO 22416 --- [Product Catalog] [restartedMain] com.zaxxer.hikari.HikariDataSource       : HikariPool-1 - Starting...
2025-08-30T21:05:05.670-03:00  INFO 22416 --- [Product Catalog] [restartedMain] com.zaxxer.hikari.pool.HikariPool        : HikariPool-1 - Added connection org.postgresql.jdbc.PgConnection@686cc822
2025-08-30T21:05:05.672-03:00  INFO 22416 --- [Product Catalog] [restartedMain] com.zaxxer.hikari.HikariDataSource       : HikariPool-1 - Start completed.
2025-08-30T21:05:05.765-03:00  INFO 22416 --- [Product Catalog] [restartedMain] org.hibernate.orm.connections.pooling    : HHH10001005: Database info:
	Database JDBC URL [Connecting through datasource 'HikariDataSource (HikariPool-1)']
	Database driver: undefined/unknown
	Database version: 17.4
	Autocommit mode: undefined/unknown
	Isolation level: undefined/unknown
	Minimum pool size: undefined/unknown
	Maximum pool size: undefined/unknown
2025-08-30T21:05:06.664-03:00  INFO 22416 --- [Product Catalog] [restartedMain] o.h.e.t.j.p.i.JtaPlatformInitiator       : HHH000489: No JTA platform available (set 'hibernate.transaction.jta.platform' to enable JTA platform integration)
2025-08-30T21:05:06.832-03:00  INFO 22416 --- [Product Catalog] [restartedMain] j.LocalContainerEntityManagerFactoryBean : Initialized JPA EntityManagerFactory for persistence unit 'default'
2025-08-30T21:05:07.205-03:00  WARN 22416 --- [Product Catalog] [restartedMain] JpaBaseConfiguration$JpaWebConfiguration : spring.jpa.open-in-view is enabled by default. Therefore, database queries may be performed during view rendering. Explicitly configure spring.jpa.open-in-view to disable this warning
2025-08-30T21:05:07.530-03:00  INFO 22416 --- [Product Catalog] [restartedMain] o.s.b.d.a.OptionalLiveReloadServer       : LiveReload server is running on port 35729
2025-08-30T21:05:07.561-03:00  INFO 22416 --- [Product Catalog] [restartedMain] o.s.b.w.embedded.tomcat.TomcatWebServer  : Tomcat started on port 8080 (http) with context path '/'
2025-08-30T21:05:07.561-03:00  INFO 22416 --- [Product Catalog] [restartedMain] b.c.b.p.ProdutcCatalogApplication        : Started ProdutcCatalogApplication in 4.667 seconds (process running for 5.551)
2025-08-30T21:06:40.338-03:00  INFO 22416 --- [Product Catalog] [http-nio-8080-exec-1] o.a.c.c.C.[Tomcat].[localhost].[/]       : Initializing Spring DispatcherServlet 'dispatcherServlet'
2025-08-30T21:06:40.338-03:00  INFO 22416 --- [Product Catalog] [http-nio-8080-exec-1] o.s.web.servlet.DispatcherServlet        : Initializing Servlet 'dispatcherServlet'
2025-08-30T21:06:40.338-03:00  INFO 22416 --- [Product Catalog] [http-nio-8080-exec-1] o.s.web.servlet.DispatcherServlet        : Completed initialization in 0 ms
2025-08-30T21:07:11.954-03:00  INFO 22416 --- [Product Catalog] [SpringApplicationShutdownHook] o.s.b.w.e.tomcat.GracefulShutdown        : Commencing graceful shutdown. Waiting for active requests to complete
2025-08-30T21:07:11.962-03:00  INFO 22416 --- [Product Catalog] [tomcat-shutdown] o.s.b.w.e.tomcat.GracefulShutdown        : Graceful shutdown complete
2025-08-30T21:07:11.965-03:00  INFO 22416 --- [Product Catalog] [SpringApplicationShutdownHook] j.LocalContainerEntityManagerFactoryBean : Closing JPA EntityManagerFactory for persistence unit 'default'
2025-08-30T21:07:11.968-03:00  INFO 22416 --- [Product Catalog] [SpringApplicationShutdownHook] com.zaxxer.hikari.HikariDataSource       : HikariPool-1 - Shutdown initiated...
2025-08-30T21:07:11.973-03:00  INFO 22416 --- [Product Catalog] [SpringApplicationShutdownHook] com.zaxxer.hikari.HikariDataSource       : HikariPool-1 - Shutdown completed.
2025-08-30T21:07:15.269-03:00  INFO 4060 --- [Product Catalog] [restartedMain] b.c.b.p.ProdutcCatalogApplication        : Starting ProdutcCatalogApplication using Java 21.0.5 with PID 4060 (C:\workspace-pessoal\2) Java\catalogo-produtos\target\classes started by BRUNO in C:\workspace-pessoal\2) Java\catalogo-produtos)
2025-08-30T21:07:15.271-03:00  INFO 4060 --- [Product Catalog] [restartedMain] b.c.b.p.ProdutcCatalogApplication        : No active profile set, falling back to 1 default profile: "default"
2025-08-30T21:07:15.313-03:00  INFO 4060 --- [Product Catalog] [restartedMain] .e.DevToolsPropertyDefaultsPostProcessor : Devtools property defaults active! Set 'spring.devtools.add-properties' to 'false' to disable
2025-08-30T21:07:15.313-03:00  INFO 4060 --- [Product Catalog] [restartedMain] .e.DevToolsPropertyDefaultsPostProcessor : For additional web related logging consider setting the 'logging.level.web' property to 'DEBUG'
2025-08-30T21:07:15.929-03:00  INFO 4060 --- [Product Catalog] [restartedMain] .s.d.r.c.RepositoryConfigurationDelegate : Bootstrapping Spring Data JPA repositories in DEFAULT mode.
2025-08-30T21:07:15.998-03:00  INFO 4060 --- [Product Catalog] [restartedMain] .s.d.r.c.RepositoryConfigurationDelegate : Finished Spring Data repository scanning in 57 ms. Found 2 JPA repository interfaces.
2025-08-30T21:07:16.480-03:00  INFO 4060 --- [Product Catalog] [restartedMain] o.s.b.w.embedded.tomcat.TomcatWebServer  : Tomcat initialized with port 8080 (http)
2025-08-30T21:07:16.494-03:00  INFO 4060 --- [Product Catalog] [restartedMain] o.apache.catalina.core.StandardService   : Starting service [Tomcat]
2025-08-30T21:07:16.495-03:00  INFO 4060 --- [Product Catalog] [restartedMain] o.apache.catalina.core.StandardEngine    : Starting Servlet engine: [Apache Tomcat/10.1.44]
2025-08-30T21:07:16.539-03:00  INFO 4060 --- [Product Catalog] [restartedMain] o.a.c.c.C.[Tomcat].[localhost].[/]       : Initializing Spring embedded WebApplicationContext
2025-08-30T21:07:16.540-03:00  INFO 4060 --- [Product Catalog] [restartedMain] w.s.c.ServletWebServerApplicationContext : Root WebApplicationContext: initialization completed in 1226 ms
2025-08-30T21:07:16.683-03:00  INFO 4060 --- [Product Catalog] [restartedMain] o.hibernate.jpa.internal.util.LogHelper  : HHH000204: Processing PersistenceUnitInfo [name: default]
2025-08-30T21:07:16.741-03:00  INFO 4060 --- [Product Catalog] [restartedMain] org.hibernate.Version                    : HHH000412: Hibernate ORM core version 6.6.26.Final
2025-08-30T21:07:16.776-03:00  INFO 4060 --- [Product Catalog] [restartedMain] o.h.c.internal.RegionFactoryInitiator    : HHH000026: Second-level cache disabled
2025-08-30T21:07:17.036-03:00  INFO 4060 --- [Product Catalog] [restartedMain] o.s.o.j.p.SpringPersistenceUnitInfo      : No LoadTimeWeaver setup: ignoring JPA class transformer
2025-08-30T21:07:17.061-03:00  INFO 4060 --- [Product Catalog] [restartedMain] com.zaxxer.hikari.HikariDataSource       : HikariPool-1 - Starting...
2025-08-30T21:07:17.202-03:00  INFO 4060 --- [Product Catalog] [restartedMain] com.zaxxer.hikari.pool.HikariPool        : HikariPool-1 - Added connection org.postgresql.jdbc.PgConnection@78a39638
2025-08-30T21:07:17.203-03:00  INFO 4060 --- [Product Catalog] [restartedMain] com.zaxxer.hikari.HikariDataSource       : HikariPool-1 - Start completed.
2025-08-30T21:07:17.259-03:00  INFO 4060 --- [Product Catalog] [restartedMain] org.hibernate.orm.connections.pooling    : HHH10001005: Database info:
	Database JDBC URL [Connecting through datasource 'HikariDataSource (HikariPool-1)']
	Database driver: undefined/unknown
	Database version: 17.4
	Autocommit mode: undefined/unknown
	Isolation level: undefined/unknown
	Minimum pool size: undefined/unknown
	Maximum pool size: undefined/unknown
2025-08-30T21:07:18.060-03:00  INFO 4060 --- [Product Catalog] [restartedMain] o.h.e.t.j.p.i.JtaPlatformInitiator       : HHH000489: No JTA platform available (set 'hibernate.transaction.jta.platform' to enable JTA platform integration)
2025-08-30T21:07:18.181-03:00  INFO 4060 --- [Product Catalog] [restartedMain] j.LocalContainerEntityManagerFactoryBean : Initialized JPA EntityManagerFactory for persistence unit 'default'
2025-08-30T21:07:18.563-03:00  WARN 4060 --- [Product Catalog] [restartedMain] JpaBaseConfiguration$JpaWebConfiguration : spring.jpa.open-in-view is enabled by default. Therefore, database queries may be performed during view rendering. Explicitly configure spring.jpa.open-in-view to disable this warning
2025-08-30T21:07:18.878-03:00  INFO 4060 --- [Product Catalog] [restartedMain] o.s.b.d.a.OptionalLiveReloadServer       : LiveReload server is running on port 35729
2025-08-30T21:07:18.905-03:00  INFO 4060 --- [Product Catalog] [restartedMain] o.s.b.w.embedded.tomcat.TomcatWebServer  : Tomcat started on port 8080 (http) with context path '/'
2025-08-30T21:07:18.913-03:00  INFO 4060 --- [Product Catalog] [restartedMain] b.c.b.p.ProdutcCatalogApplication        : Started ProdutcCatalogApplication in 4.106 seconds (process running for 4.514)
2025-08-30T21:07:24.078-03:00  INFO 4060 --- [Product Catalog] [http-nio-8080-exec-2] o.a.c.c.C.[Tomcat].[localhost].[/]       : Initializing Spring DispatcherServlet 'dispatcherServlet'
2025-08-30T21:07:24.078-03:00  INFO 4060 --- [Product Catalog] [http-nio-8080-exec-2] o.s.web.servlet.DispatcherServlet        : Initializing Servlet 'dispatcherServlet'
2025-08-30T21:07:24.079-03:00  INFO 4060 --- [Product Catalog] [http-nio-8080-exec-2] o.s.web.servlet.DispatcherServlet        : Completed initialization in 1 ms
2025-08-30T21:07:24.225-03:00  WARN 4060 --- [Product Catalog] [http-nio-8080-exec-2] .w.s.m.s.DefaultHandlerExceptionResolver : Resolved [org.springframework.web.bind.MethodArgumentNotValidException: Validation failed for argument [0] in public org.springframework.http.ResponseEntity<br.com.bgrbarbosa.product_catalog.model.dto.CategoryDTO> br.com.bgrbarbosa.product_catalog.controller.CategoryController.insert(br.com.bgrbarbosa.product_catalog.model.dto.CategoryDTO) with 2 errors: [Field error in object 'categoryDTO' on field 'descCategory': rejected value [C]; codes [Size.categoryDTO.descCategory,Size.descCategory,Size.java.lang.String,Size]; arguments [org.springframework.context.support.DefaultMessageSourceResolvable: codes [categoryDTO.descCategory,descCategory]; arguments []; default message [descCategory],50,3]; default message [Field must contain between 3 and 50 characters]] [Field error in object 'categoryDTO' on field 'nameCategory': rejected value [E]; codes [Size.categoryDTO.nameCategory,Size.nameCategory,Size.java.lang.String,Size]; arguments [org.springframework.context.support.DefaultMessageSourceResolvable: codes [categoryDTO.nameCategory,nameCategory]; arguments []; default message [nameCategory],50,3]; default message [Field must contain between 3 and 50 characters]] ]
2025-08-30T21:12:38.678-03:00  INFO 4060 --- [Product Catalog] [SpringApplicationShutdownHook] o.s.b.w.e.tomcat.GracefulShutdown        : Commencing graceful shutdown. Waiting for active requests to complete
2025-08-30T21:12:38.687-03:00  INFO 4060 --- [Product Catalog] [tomcat-shutdown] o.s.b.w.e.tomcat.GracefulShutdown        : Graceful shutdown complete
2025-08-30T21:12:38.690-03:00  INFO 4060 --- [Product Catalog] [SpringApplicationShutdownHook] j.LocalContainerEntityManagerFactoryBean : Closing JPA EntityManagerFactory for persistence unit 'default'
2025-08-30T21:12:38.693-03:00  INFO 4060 --- [Product Catalog] [SpringApplicationShutdownHook] com.zaxxer.hikari.HikariDataSource       : HikariPool-1 - Shutdown initiated...
2025-08-30T21:12:38.697-03:00  INFO 4060 --- [Product Catalog] [SpringApplicationShutdownHook] com.zaxxer.hikari.HikariDataSource       : HikariPool-1 - Shutdown completed.
2025-08-30T21:12:41.960-03:00  INFO 15388 --- [Product Catalog] [restartedMain] b.c.b.p.ProdutcCatalogApplication        : Starting ProdutcCatalogApplication using Java 21.0.5 with PID 15388 (C:\workspace-pessoal\2) Java\catalogo-produtos\target\classes started by BRUNO in C:\workspace-pessoal\2) Java\catalogo-produtos)
2025-08-30T21:12:41.963-03:00  INFO 15388 --- [Product Catalog] [restartedMain] b.c.b.p.ProdutcCatalogApplication        : No active profile set, falling back to 1 default profile: "default"
2025-08-30T21:12:42.004-03:00  INFO 15388 --- [Product Catalog] [restartedMain] .e.DevToolsPropertyDefaultsPostProcessor : Devtools property defaults active! Set 'spring.devtools.add-properties' to 'false' to disable
2025-08-30T21:12:42.004-03:00  INFO 15388 --- [Product Catalog] [restartedMain] .e.DevToolsPropertyDefaultsPostProcessor : For additional web related logging consider setting the 'logging.level.web' property to 'DEBUG'
2025-08-30T21:12:42.623-03:00  INFO 15388 --- [Product Catalog] [restartedMain] .s.d.r.c.RepositoryConfigurationDelegate : Bootstrapping Spring Data JPA repositories in DEFAULT mode.
2025-08-30T21:12:42.697-03:00  INFO 15388 --- [Product Catalog] [restartedMain] .s.d.r.c.RepositoryConfigurationDelegate : Finished Spring Data repository scanning in 63 ms. Found 2 JPA repository interfaces.
2025-08-30T21:12:43.211-03:00  INFO 15388 --- [Product Catalog] [restartedMain] o.s.b.w.embedded.tomcat.TomcatWebServer  : Tomcat initialized with port 8080 (http)
2025-08-30T21:12:43.225-03:00  INFO 15388 --- [Product Catalog] [restartedMain] o.apache.catalina.core.StandardService   : Starting service [Tomcat]
2025-08-30T21:12:43.226-03:00  INFO 15388 --- [Product Catalog] [restartedMain] o.apache.catalina.core.StandardEngine    : Starting Servlet engine: [Apache Tomcat/10.1.44]
2025-08-30T21:12:43.273-03:00  INFO 15388 --- [Product Catalog] [restartedMain] o.a.c.c.C.[Tomcat].[localhost].[/]       : Initializing Spring embedded WebApplicationContext
2025-08-30T21:12:43.274-03:00  INFO 15388 --- [Product Catalog] [restartedMain] w.s.c.ServletWebServerApplicationContext : Root WebApplicationContext: initialization completed in 1268 ms
2025-08-30T21:12:43.452-03:00  INFO 15388 --- [Product Catalog] [restartedMain] o.hibernate.jpa.internal.util.LogHelper  : HHH000204: Processing PersistenceUnitInfo [name: default]
2025-08-30T21:12:43.503-03:00  INFO 15388 --- [Product Catalog] [restartedMain] org.hibernate.Version                    : HHH000412: Hibernate ORM core version 6.6.26.Final
2025-08-30T21:12:43.538-03:00  INFO 15388 --- [Product Catalog] [restartedMain] o.h.c.internal.RegionFactoryInitiator    : HHH000026: Second-level cache disabled
2025-08-30T21:12:43.805-03:00  INFO 15388 --- [Product Catalog] [restartedMain] o.s.o.j.p.SpringPersistenceUnitInfo      : No LoadTimeWeaver setup: ignoring JPA class transformer
2025-08-30T21:12:43.846-03:00  INFO 15388 --- [Product Catalog] [restartedMain] com.zaxxer.hikari.HikariDataSource       : HikariPool-1 - Starting...
2025-08-30T21:12:44.026-03:00  INFO 15388 --- [Product Catalog] [restartedMain] com.zaxxer.hikari.pool.HikariPool        : HikariPool-1 - Added connection org.postgresql.jdbc.PgConnection@6961c811
2025-08-30T21:12:44.028-03:00  INFO 15388 --- [Product Catalog] [restartedMain] com.zaxxer.hikari.HikariDataSource       : HikariPool-1 - Start completed.
2025-08-30T21:12:44.087-03:00  INFO 15388 --- [Product Catalog] [restartedMain] org.hibernate.orm.connections.pooling    : HHH10001005: Database info:
	Database JDBC URL [Connecting through datasource 'HikariDataSource (HikariPool-1)']
	Database driver: undefined/unknown
	Database version: 17.4
	Autocommit mode: undefined/unknown
	Isolation level: undefined/unknown
	Minimum pool size: undefined/unknown
	Maximum pool size: undefined/unknown
2025-08-30T21:12:44.894-03:00  INFO 15388 --- [Product Catalog] [restartedMain] o.h.e.t.j.p.i.JtaPlatformInitiator       : HHH000489: No JTA platform available (set 'hibernate.transaction.jta.platform' to enable JTA platform integration)
2025-08-30T21:12:45.014-03:00  INFO 15388 --- [Product Catalog] [restartedMain] j.LocalContainerEntityManagerFactoryBean : Initialized JPA EntityManagerFactory for persistence unit 'default'
2025-08-30T21:12:45.394-03:00  WARN 15388 --- [Product Catalog] [restartedMain] JpaBaseConfiguration$JpaWebConfiguration : spring.jpa.open-in-view is enabled by default. Therefore, database queries may be performed during view rendering. Explicitly configure spring.jpa.open-in-view to disable this warning
2025-08-30T21:12:45.719-03:00  INFO 15388 --- [Product Catalog] [restartedMain] o.s.b.d.a.OptionalLiveReloadServer       : LiveReload server is running on port 35729
2025-08-30T21:12:45.745-03:00  INFO 15388 --- [Product Catalog] [restartedMain] o.s.b.w.embedded.tomcat.TomcatWebServer  : Tomcat started on port 8080 (http) with context path '/'
2025-08-30T21:12:45.753-03:00  INFO 15388 --- [Product Catalog] [restartedMain] b.c.b.p.ProdutcCatalogApplication        : Started ProdutcCatalogApplication in 4.274 seconds (process running for 4.736)
2025-08-30T21:12:49.274-03:00  INFO 15388 --- [Product Catalog] [http-nio-8080-exec-2] o.a.c.c.C.[Tomcat].[localhost].[/]       : Initializing Spring DispatcherServlet 'dispatcherServlet'
2025-08-30T21:12:49.274-03:00  INFO 15388 --- [Product Catalog] [http-nio-8080-exec-2] o.s.web.servlet.DispatcherServlet        : Initializing Servlet 'dispatcherServlet'
2025-08-30T21:12:49.275-03:00  INFO 15388 --- [Product Catalog] [http-nio-8080-exec-2] o.s.web.servlet.DispatcherServlet        : Completed initialization in 1 ms
2025-08-30T21:12:49.465-03:00  WARN 15388 --- [Product Catalog] [http-nio-8080-exec-2] .m.m.a.ExceptionHandlerExceptionResolver : Resolved [org.springframework.web.bind.MethodArgumentNotValidException: Validation failed for argument [0] in public org.springframework.http.ResponseEntity<br.com.bgrbarbosa.product_catalog.model.dto.CategoryDTO> br.com.bgrbarbosa.product_catalog.controller.CategoryController.insert(br.com.bgrbarbosa.product_catalog.model.dto.CategoryDTO) with 2 errors: [Field error in object 'categoryDTO' on field 'descCategory': rejected value [C]; codes [Size.categoryDTO.descCategory,Size.descCategory,Size.java.lang.String,Size]; arguments [org.springframework.context.support.DefaultMessageSourceResolvable: codes [categoryDTO.descCategory,descCategory]; arguments []; default message [descCategory],50,3]; default message [Field must contain between 3 and 50 characters]] [Field error in object 'categoryDTO' on field 'nameCategory': rejected value [E]; codes [Size.categoryDTO.nameCategory,Size.nameCategory,Size.java.lang.String,Size]; arguments [org.springframework.context.support.DefaultMessageSourceResolvable: codes [categoryDTO.nameCategory,nameCategory]; arguments []; default message [nameCategory],50,3]; default message [Field must contain between 3 and 50 characters]] ]
2025-08-30T21:22:47.677-03:00  INFO 15388 --- [Product Catalog] [SpringApplicationShutdownHook] o.s.b.w.e.tomcat.GracefulShutdown        : Commencing graceful shutdown. Waiting for active requests to complete
2025-08-30T21:22:47.686-03:00  INFO 15388 --- [Product Catalog] [tomcat-shutdown] o.s.b.w.e.tomcat.GracefulShutdown        : Graceful shutdown complete
2025-08-30T21:22:47.689-03:00  INFO 15388 --- [Product Catalog] [SpringApplicationShutdownHook] j.LocalContainerEntityManagerFactoryBean : Closing JPA EntityManagerFactory for persistence unit 'default'
2025-08-30T21:22:47.692-03:00  INFO 15388 --- [Product Catalog] [SpringApplicationShutdownHook] com.zaxxer.hikari.HikariDataSource       : HikariPool-1 - Shutdown initiated...
2025-08-30T21:22:47.697-03:00  INFO 15388 --- [Product Catalog] [SpringApplicationShutdownHook] com.zaxxer.hikari.HikariDataSource       : HikariPool-1 - Shutdown completed.
